<?xml version="1.0" encoding="UTF-8"?>
<robot generator="Robot 3.1.1 (Python 3.7.2 on win32)" generated="20190513 16:34:56.285" rpa="false">
<suite id="s1" name="GnuTestCases" source="C:\Users\Rohan\Desktop\Final\Final\Automation\TestSuites\GnuCashTest\GnuTestCases.robot">
<kw name="Go to Home Page" library="Android-Keywords" type="setup">
<kw name="Open Application" library="AppiumLibrary">
<doc>Opens a new application to given Appium server.
Capabilities of appium server, Android and iOS,
Please check https://github.com/appium/appium/blob/master/docs/en/writing-running-appium/server-args.md
| *Option*            | *Man.* | *Description*     |
| remote_url          | Yes    | Appium server url |
| alias               | no     | alias             |</doc>
<arguments>
<arg>${REMOTE_URL}</arg>
<arg>app=${app}</arg>
<arg>platformName=${platformName}</arg>
<arg>deviceName=${deviceName}</arg>
<arg>automationName=${automationName}</arg>
<arg>appActivity=${appActivity}</arg>
<arg>appPackage=${appPackage}</arg>
</arguments>
<status status="PASS" starttime="20190513 16:34:57.285" endtime="20190513 16:35:18.673"></status>
</kw>
<kw name="Click Element" library="AppiumLibrary">
<doc>Click element identified by `locator`.</doc>
<arguments>
<arg>id=org.gnucash.android:id/btn_save</arg>
</arguments>
<msg timestamp="20190513 16:35:18.673" level="INFO">Clicking element 'id=org.gnucash.android:id/btn_save'.</msg>
<status status="PASS" starttime="20190513 16:35:18.673" endtime="20190513 16:35:19.082"></status>
</kw>
<kw name="Click Element" library="AppiumLibrary">
<doc>Click element identified by `locator`.</doc>
<arguments>
<arg>xpath=/hierarchy/android.widget.FrameLayout/android.widget.LinearLayout/android.widget.FrameLayout/android.view.ViewGroup/android.widget.FrameLayout[2]/android.widget.LinearLayout/android.support.v4.view.ViewPager/android.widget.LinearLayout/android.widget.ListView/android.widget.CheckedTextView[4]</arg>
</arguments>
<msg timestamp="20190513 16:35:19.086" level="INFO">Clicking element 'xpath=/hierarchy/android.widget.FrameLayout/android.widget.LinearLayout/android.widget.FrameLayout/android.view.ViewGroup/android.widget.FrameLayout[2]/android.widget.LinearLayout/android.support.v4.view.ViewPager/android.widget.LinearLayout/android.widget.ListView/android.widget.CheckedTextView[4]'.</msg>
<status status="PASS" starttime="20190513 16:35:19.082" endtime="20190513 16:35:20.702"></status>
</kw>
<kw name="Click Element" library="AppiumLibrary">
<doc>Click element identified by `locator`.</doc>
<arguments>
<arg>id=org.gnucash.android:id/btn_save</arg>
</arguments>
<msg timestamp="20190513 16:35:20.707" level="INFO">Clicking element 'id=org.gnucash.android:id/btn_save'.</msg>
<status status="PASS" starttime="20190513 16:35:20.702" endtime="20190513 16:35:20.828"></status>
</kw>
<kw name="Click Element" library="AppiumLibrary">
<doc>Click element identified by `locator`.</doc>
<arguments>
<arg>id=org.gnucash.android:id/btn_save</arg>
</arguments>
<msg timestamp="20190513 16:35:20.831" level="INFO">Clicking element 'id=org.gnucash.android:id/btn_save'.</msg>
<status status="PASS" starttime="20190513 16:35:20.828" endtime="20190513 16:35:21.651"></status>
</kw>
<kw name="Click Element" library="AppiumLibrary">
<doc>Click element identified by `locator`.</doc>
<arguments>
<arg>xpath=/hierarchy/android.widget.FrameLayout/android.widget.LinearLayout/android.widget.FrameLayout/android.view.ViewGroup/android.widget.FrameLayout[2]/android.widget.LinearLayout/android.support.v4.view.ViewPager/android.widget.LinearLayout/android.widget.ListView/android.widget.CheckedTextView[2]</arg>
</arguments>
<msg timestamp="20190513 16:35:21.653" level="INFO">Clicking element 'xpath=/hierarchy/android.widget.FrameLayout/android.widget.LinearLayout/android.widget.FrameLayout/android.view.ViewGroup/android.widget.FrameLayout[2]/android.widget.LinearLayout/android.support.v4.view.ViewPager/android.widget.LinearLayout/android.widget.ListView/android.widget.CheckedTextView[2]'.</msg>
<status status="PASS" starttime="20190513 16:35:21.651" endtime="20190513 16:35:23.887"></status>
</kw>
<kw name="Click Element" library="AppiumLibrary">
<doc>Click element identified by `locator`.</doc>
<arguments>
<arg>id=org.gnucash.android:id/btn_save</arg>
</arguments>
<msg timestamp="20190513 16:35:23.892" level="INFO">Clicking element 'id=org.gnucash.android:id/btn_save'.</msg>
<status status="PASS" starttime="20190513 16:35:23.888" endtime="20190513 16:35:24.019"></status>
</kw>
<kw name="Click Element" library="AppiumLibrary">
<doc>Click element identified by `locator`.</doc>
<arguments>
<arg>id=org.gnucash.android:id/btn_save</arg>
</arguments>
<msg timestamp="20190513 16:35:24.022" level="INFO">Clicking element 'id=org.gnucash.android:id/btn_save'.</msg>
<status status="PASS" starttime="20190513 16:35:24.020" endtime="20190513 16:35:24.944"></status>
</kw>
<kw name="Wait Until Keyword Succeeds" library="BuiltIn">
<doc>Runs the specified keyword and retries if it fails.</doc>
<arguments>
<arg>10</arg>
<arg>5</arg>
<arg>Click Element</arg>
<arg>id=android:id/button1</arg>
</arguments>
<kw name="Click Element" library="AppiumLibrary">
<doc>Click element identified by `locator`.</doc>
<arguments>
<arg>id=android:id/button1</arg>
</arguments>
<msg timestamp="20190513 16:35:24.947" level="INFO">Clicking element 'id=android:id/button1'.</msg>
<kw name="Capture Page Screenshot" library="AppiumLibrary">
<doc>Takes a screenshot of the current page and embeds it into the log.</doc>
<msg timestamp="20190513 16:35:25.740" level="INFO" html="yes">&lt;/td&gt;&lt;/tr&gt;&lt;tr&gt;&lt;td colspan="3"&gt;&lt;a href="appium-screenshot-1.png"&gt;&lt;img src="appium-screenshot-1.png" width="800px"&gt;&lt;/a&gt;</msg>
<status status="PASS" starttime="20190513 16:35:25.055" endtime="20190513 16:35:25.740"></status>
</kw>
<msg timestamp="20190513 16:35:25.749" level="FAIL">ValueError: Element locator 'id=android:id/button1' did not match any elements.</msg>
<status status="FAIL" starttime="20190513 16:35:24.944" endtime="20190513 16:35:25.749"></status>
</kw>
<kw name="Click Element" library="AppiumLibrary">
<doc>Click element identified by `locator`.</doc>
<arguments>
<arg>id=android:id/button1</arg>
</arguments>
<msg timestamp="20190513 16:35:30.756" level="INFO">Clicking element 'id=android:id/button1'.</msg>
<status status="PASS" starttime="20190513 16:35:30.751" endtime="20190513 16:35:30.866"></status>
</kw>
<status status="PASS" starttime="20190513 16:35:24.944" endtime="20190513 16:35:30.867"></status>
</kw>
<status status="PASS" starttime="20190513 16:34:57.284" endtime="20190513 16:35:30.867"></status>
</kw>
<test id="s1-t1" name="Add Account">
<kw name="Log" library="BuiltIn">
<doc>Logs the given message with the given level.</doc>
<arguments>
<arg>Home Page opened</arg>
</arguments>
<msg timestamp="20190513 16:35:30.870" level="INFO">Home Page opened</msg>
<status status="PASS" starttime="20190513 16:35:30.869" endtime="20190513 16:35:30.871"></status>
</kw>
<kw name="Click Element" library="AppiumLibrary">
<doc>Click element identified by `locator`.</doc>
<arguments>
<arg>id=org.gnucash.android:id/fab_create_account</arg>
</arguments>
<msg timestamp="20190513 16:35:30.873" level="INFO">Clicking element 'id=org.gnucash.android:id/fab_create_account'.</msg>
<status status="PASS" starttime="20190513 16:35:30.872" endtime="20190513 16:35:31.542"></status>
</kw>
<kw name="Generate Random String" library="String">
<doc>Generates a string with a desired ``length`` from the given ``chars``.</doc>
<arguments>
<arg>7</arg>
<arg>[NUMBERS] Account Name Test</arg>
</arguments>
<assign>
<var>${AccountNameTest}</var>
</assign>
<msg timestamp="20190513 16:35:31.544" level="INFO">${AccountNameTest} = 9ecnet8</msg>
<status status="PASS" starttime="20190513 16:35:31.543" endtime="20190513 16:35:31.544"></status>
</kw>
<kw name="Wait Until Keyword Succeeds" library="BuiltIn">
<doc>Runs the specified keyword and retries if it fails.</doc>
<arguments>
<arg>10</arg>
<arg>5</arg>
<arg>Input Text</arg>
<arg>id=org.gnucash.android:id/input_account_name</arg>
<arg>${AccountNameTest}</arg>
</arguments>
<kw name="Input Text" library="AppiumLibrary">
<doc>Types the given `text` into text field identified by `locator`.</doc>
<arguments>
<arg>id=org.gnucash.android:id/input_account_name</arg>
<arg>${AccountNameTest}</arg>
</arguments>
<msg timestamp="20190513 16:35:31.548" level="INFO">Typing text '9ecnet8' into text field 'id=org.gnucash.android:id/input_account_name'</msg>
<status status="PASS" starttime="20190513 16:35:31.547" endtime="20190513 16:35:32.959"></status>
</kw>
<status status="PASS" starttime="20190513 16:35:31.545" endtime="20190513 16:35:32.960"></status>
</kw>
<kw name="Wait Until Keyword Succeeds" library="BuiltIn">
<doc>Runs the specified keyword and retries if it fails.</doc>
<arguments>
<arg>5</arg>
<arg>5</arg>
<arg>Click Element</arg>
<arg>id=org.gnucash.android:id/menu_save</arg>
</arguments>
<kw name="Click Element" library="AppiumLibrary">
<doc>Click element identified by `locator`.</doc>
<arguments>
<arg>id=org.gnucash.android:id/menu_save</arg>
</arguments>
<msg timestamp="20190513 16:35:32.962" level="INFO">Clicking element 'id=org.gnucash.android:id/menu_save'.</msg>
<status status="PASS" starttime="20190513 16:35:32.961" endtime="20190513 16:35:33.687"></status>
</kw>
<status status="PASS" starttime="20190513 16:35:32.960" endtime="20190513 16:35:33.687"></status>
</kw>
<kw name="Wait Until Keyword Succeeds" library="BuiltIn">
<doc>Runs the specified keyword and retries if it fails.</doc>
<arguments>
<arg>5</arg>
<arg>5</arg>
<arg>Page Should Contain Text</arg>
<arg>${AccountNameTest}</arg>
<arg>New Got created with name ${AccountNameTest}</arg>
</arguments>
<kw name="Page Should Contain Text" library="AppiumLibrary">
<doc>Verifies that current page contains `text`.</doc>
<arguments>
<arg>${AccountNameTest}</arg>
<arg>New Got created with name ${AccountNameTest}</arg>
</arguments>
<msg timestamp="20190513 16:35:33.822" level="INFO">Current page contains text '9ecnet8'.</msg>
<status status="PASS" starttime="20190513 16:35:33.689" endtime="20190513 16:35:33.823"></status>
</kw>
<status status="PASS" starttime="20190513 16:35:33.688" endtime="20190513 16:35:33.823"></status>
</kw>
<doc>Validate Add Account Functionality</doc>
<status status="PASS" starttime="20190513 16:35:30.867" endtime="20190513 16:35:33.823" critical="yes"></status>
</test>
<test id="s1-t2" name="Edit Account Name">
<kw name="Click Element" library="AppiumLibrary">
<doc>Click element identified by `locator`.</doc>
<arguments>
<arg>xpath=/hierarchy/android.widget.FrameLayout/android.widget.LinearLayout/android.widget.FrameLayout/android.widget.FrameLayout/android.widget.FrameLayout/android.support.v4.widget.DrawerLayout/android.view.ViewGroup/android.support.v4.view.ViewPager/android.widget.RelativeLayout/android.support.v7.widget.RecyclerView/android.widget.FrameLayout[1]/android.widget.RelativeLayout/android.widget.ImageView[2]</arg>
</arguments>
<msg timestamp="20190513 16:35:33.829" level="INFO">Clicking element 'xpath=/hierarchy/android.widget.FrameLayout/android.widget.LinearLayout/android.widget.FrameLayout/android.widget.FrameLayout/android.widget.FrameLayout/android.support.v4.widget.DrawerLayout/android.view.ViewGroup/android.support.v4.view.ViewPager/android.widget.RelativeLayout/android.support.v7.widget.RecyclerView/android.widget.FrameLayout[1]/android.widget.RelativeLayout/android.widget.ImageView[2]'.</msg>
<status status="PASS" starttime="20190513 16:35:33.827" endtime="20190513 16:35:35.309"></status>
</kw>
<kw name="Generate Random String" library="String">
<doc>Generates a string with a desired ``length`` from the given ``chars``.</doc>
<arguments>
<arg>4</arg>
<arg>[NUMBERS] Test Edit Assets</arg>
</arguments>
<assign>
<var>${EditTest}</var>
</assign>
<msg timestamp="20190513 16:35:35.313" level="INFO">${EditTest} = teee</msg>
<status status="PASS" starttime="20190513 16:35:35.312" endtime="20190513 16:35:35.313"></status>
</kw>
<kw name="Wait Until Keyword Succeeds" library="BuiltIn">
<doc>Runs the specified keyword and retries if it fails.</doc>
<arguments>
<arg>5</arg>
<arg>5</arg>
<arg>Click Element</arg>
<arg>xpath=/hierarchy/android.widget.FrameLayout/android.widget.FrameLayout/android.widget.ListView/android.widget.LinearLayout[1]/android.widget.RelativeLayout/android.widget.TextView</arg>
</arguments>
<kw name="Click Element" library="AppiumLibrary">
<doc>Click element identified by `locator`.</doc>
<arguments>
<arg>xpath=/hierarchy/android.widget.FrameLayout/android.widget.FrameLayout/android.widget.ListView/android.widget.LinearLayout[1]/android.widget.RelativeLayout/android.widget.TextView</arg>
</arguments>
<msg timestamp="20190513 16:35:35.316" level="INFO">Clicking element 'xpath=/hierarchy/android.widget.FrameLayout/android.widget.FrameLayout/android.widget.ListView/android.widget.LinearLayout[1]/android.widget.RelativeLayout/android.widget.TextView'.</msg>
<status status="PASS" starttime="20190513 16:35:35.316" endtime="20190513 16:35:37.427"></status>
</kw>
<status status="PASS" starttime="20190513 16:35:35.315" endtime="20190513 16:35:37.427"></status>
</kw>
<kw name="Capture Page Screenshot" library="AppiumLibrary">
<doc>Takes a screenshot of the current page and embeds it into the log.</doc>
<msg timestamp="20190513 16:35:38.093" level="INFO" html="yes">&lt;/td&gt;&lt;/tr&gt;&lt;tr&gt;&lt;td colspan="3"&gt;&lt;a href="appium-screenshot-2.png"&gt;&lt;img src="appium-screenshot-2.png" width="800px"&gt;&lt;/a&gt;</msg>
<status status="PASS" starttime="20190513 16:35:37.427" endtime="20190513 16:35:38.093"></status>
</kw>
<kw name="Wait Until Keyword Succeeds" library="BuiltIn">
<doc>Runs the specified keyword and retries if it fails.</doc>
<arguments>
<arg>5</arg>
<arg>5</arg>
<arg>Input Text</arg>
<arg>id=org.gnucash.android:id/input_account_name</arg>
<arg>${EditTest}</arg>
</arguments>
<kw name="Input Text" library="AppiumLibrary">
<doc>Types the given `text` into text field identified by `locator`.</doc>
<arguments>
<arg>id=org.gnucash.android:id/input_account_name</arg>
<arg>${EditTest}</arg>
</arguments>
<msg timestamp="20190513 16:35:38.095" level="INFO">Typing text 'teee' into text field 'id=org.gnucash.android:id/input_account_name'</msg>
<status status="PASS" starttime="20190513 16:35:38.093" endtime="20190513 16:35:38.817"></status>
</kw>
<status status="PASS" starttime="20190513 16:35:38.093" endtime="20190513 16:35:38.819"></status>
</kw>
<kw name="Wait Until Keyword Succeeds" library="BuiltIn">
<doc>Runs the specified keyword and retries if it fails.</doc>
<arguments>
<arg>5</arg>
<arg>5</arg>
<arg>Click Element</arg>
<arg>id=org.gnucash.android:id/menu_save</arg>
</arguments>
<kw name="Click Element" library="AppiumLibrary">
<doc>Click element identified by `locator`.</doc>
<arguments>
<arg>id=org.gnucash.android:id/menu_save</arg>
</arguments>
<msg timestamp="20190513 16:35:38.821" level="INFO">Clicking element 'id=org.gnucash.android:id/menu_save'.</msg>
<status status="PASS" starttime="20190513 16:35:38.821" endtime="20190513 16:35:39.938"></status>
</kw>
<status status="PASS" starttime="20190513 16:35:38.820" endtime="20190513 16:35:39.939"></status>
</kw>
<kw name="Page Should Contain Text" library="AppiumLibrary">
<doc>Verifies that current page contains `text`.</doc>
<arguments>
<arg>${EditTest}</arg>
<arg>Updated test found for Account</arg>
</arguments>
<msg timestamp="20190513 16:35:40.045" level="INFO">Current page contains text 'teee'.</msg>
<status status="PASS" starttime="20190513 16:35:39.940" endtime="20190513 16:35:40.045"></status>
</kw>
<kw name="Capture Page Screenshot" library="AppiumLibrary">
<doc>Takes a screenshot of the current page and embeds it into the log.</doc>
<msg timestamp="20190513 16:35:40.722" level="INFO" html="yes">&lt;/td&gt;&lt;/tr&gt;&lt;tr&gt;&lt;td colspan="3"&gt;&lt;a href="appium-screenshot-3.png"&gt;&lt;img src="appium-screenshot-3.png" width="800px"&gt;&lt;/a&gt;</msg>
<status status="PASS" starttime="20190513 16:35:40.046" endtime="20190513 16:35:40.722"></status>
</kw>
<doc>Valdiate the Edit Account functionality for GNU App

| STEP | Expectation |
| Click on Edit Account | Edit account window should pop up |
| Update the Account Name with randomised text | |
| Click on Save | |
| Verify Account number is changed | Account number should be updated |</doc>
<status status="PASS" starttime="20190513 16:35:33.826" endtime="20190513 16:35:40.723" critical="yes"></status>
</test>
<kw name="Quit Application" library="AppiumLibrary" type="teardown">
<doc>Quit application. Application can be quit while Appium session is kept alive.
This keyword can be used to close application during test case or between test cases.</doc>
<status status="PASS" starttime="20190513 16:35:40.730" endtime="20190513 16:35:41.535"></status>
</kw>
<status status="PASS" starttime="20190513 16:34:56.293" endtime="20190513 16:35:41.535"></status>
</suite>
<statistics>
<total>
<stat pass="2" fail="0">Critical Tests</stat>
<stat pass="2" fail="0">All Tests</stat>
</total>
<tag>
</tag>
<suite>
<stat pass="2" fail="0" id="s1" name="GnuTestCases">GnuTestCases</stat>
</suite>
</statistics>
<errors>
<msg timestamp="20190513 16:34:56.365" level="ERROR">Error in file 'C:\Users\Rohan\Desktop\Final\Final\Automation\Common\Keywords\Api-Keywords.robot': Importing test library 'JSONLibrary' failed: ModuleNotFoundError: No module named 'JSONLibrary'
Traceback (most recent call last):
  None
PYTHONPATH:
  C:\Users\Rohan\Desktop\Final\Final\Automation\TestSuites\GnuCashTest
  C:\Users\Rohan\AppData\Local\Programs\Python\Python37\python37.zip
  C:\Users\Rohan\AppData\Local\Programs\Python\Python37\DLLs
  C:\Users\Rohan\AppData\Local\Programs\Python\Python37\lib
  C:\Users\Rohan\AppData\Local\Programs\Python\Python37
  C:\Users\Rohan\AppData\Local\Programs\Python\Python37\lib\site-packages
  C:\Users\Rohan\AppData\Local\Programs\Python\Python37\lib\site-packages\win32
  C:\Users\Rohan\AppData\Local\Programs\Python\Python37\lib\site-packages\win32\lib
  C:\Users\Rohan\AppData\Local\Programs\Python\Python37\lib\site-packages\Pythonwin</msg>
<msg timestamp="20190513 16:34:57.259" level="ERROR">Error in file 'C:\Users\Rohan\Desktop\Final\Final\Automation\~DEPENDENCIES.txt': Importing test library 'HttpLibrary.HTTP' failed: SyntaxError: invalid syntax (__init__.py, line 16)
Traceback (most recent call last):
  None
PYTHONPATH:
  C:\Users\Rohan\Desktop\Final\Final\Automation\TestSuites\GnuCashTest
  C:\Users\Rohan\AppData\Local\Programs\Python\Python37\python37.zip
  C:\Users\Rohan\AppData\Local\Programs\Python\Python37\DLLs
  C:\Users\Rohan\AppData\Local\Programs\Python\Python37\lib
  C:\Users\Rohan\AppData\Local\Programs\Python\Python37
  C:\Users\Rohan\AppData\Local\Programs\Python\Python37\lib\site-packages
  C:\Users\Rohan\AppData\Local\Programs\Python\Python37\lib\site-packages\win32
  C:\Users\Rohan\AppData\Local\Programs\Python\Python37\lib\site-packages\win32\lib
  C:\Users\Rohan\AppData\Local\Programs\Python\Python37\lib\site-packages\Pythonwin</msg>
<msg timestamp="20190513 16:34:57.273" level="ERROR">Error in file 'C:\Users\Rohan\Desktop\Final\Final\Automation\~DEPENDENCIES.txt': Importing test library 'JSONLibrary' failed: ModuleNotFoundError: No module named 'JSONLibrary'
Traceback (most recent call last):
  None
PYTHONPATH:
  C:\Users\Rohan\Desktop\Final\Final\Automation\TestSuites\GnuCashTest
  C:\Users\Rohan\AppData\Local\Programs\Python\Python37\python37.zip
  C:\Users\Rohan\AppData\Local\Programs\Python\Python37\DLLs
  C:\Users\Rohan\AppData\Local\Programs\Python\Python37\lib
  C:\Users\Rohan\AppData\Local\Programs\Python\Python37
  C:\Users\Rohan\AppData\Local\Programs\Python\Python37\lib\site-packages
  C:\Users\Rohan\AppData\Local\Programs\Python\Python37\lib\site-packages\win32
  C:\Users\Rohan\AppData\Local\Programs\Python\Python37\lib\site-packages\win32\lib
  C:\Users\Rohan\AppData\Local\Programs\Python\Python37\lib\site-packages\Pythonwin</msg>
</errors>
</robot>
